<?xml version="1.0" encoding="UTF-8" standalone="no"?><testsuite errors="0" failures="1" name="Submit Button" skipped="0" tests="2" time="34.18" timestamp="2022-11-13 10:08:56"><testcase name="Verify Submit button when edit with valid data"/><testcase name="Verify Submit button when edit with invalid data"><failure message="expected: &lt;true&gt; but was: &lt;false&gt;" type="org.opentest4j.AssertionFailedError">expected: &lt;true&gt; but was: &lt;false&gt;</failure><system-err>expected: &lt;true&gt; but was: &lt;false&gt;&#13;
mentutor.Interactions.UserInteractions.isMessageDisplayed(UserInteractions.java:154)&#13;
mentutor.StepDefs.Login.LoginStepDefs.messageAppeared(LoginStepDefs.java:68)&#13;
✽.Message Please enter an email address. appeared(file:///C:/Users/isyah/Desktop/CAPSTONE/Testing/QE-UI/src/test/resources/features/editUserProfileByMentee/submitButton.feature:16)&#13;
</system-err></testcase></testsuite>