<?xml version="1.0" encoding="UTF-8" standalone="no"?><testsuite errors="0" failures="0" name="Mentee Home Page Task Bar" skipped="0" tests="7" time="71.59" timestamp="2022-11-13 03:09:13"><testcase name="Verify Scroll bar visibility"/><testcase name="Verify Task Bar Title font size"/><testcase name="Verify Task Title Font size and location"/><testcase name="Verify Task description Font size and location"/><testcase name="Verify Due date Font config and location"/><testcase name="Verify Task file location"/><testcase name="Verify Score location"/></testsuite>