<?xml version="1.0" encoding="UTF-8" standalone="no"?><testsuite errors="0" failures="0" name="Mentee Task Page Task Bar" skipped="0" tests="6" time="61.74" timestamp="2022-11-13 03:10:56"><testcase name="Verify Task Bar Title font size"/><testcase name="Verify Task Title Font size and location"/><testcase name="Verify Task description Font size and location"/><testcase name="Verify Due date Font config and location"/><testcase name="Verify Task file location"/><testcase name="Verify Score location"/></testsuite>