<?xml version="1.0" encoding="UTF-8" standalone="no"?><testsuite errors="1" failures="0" name="Register New Member" skipped="0" tests="1" time="21.13" timestamp="2022-11-12 01:55:57"><testcase name="Verify register new member with Leading Space on field name"><error message="Element &lt;div id=&quot;nav-member&quot; class=&quot;flex flex-row space-x-0 md:space-x-8 items-center active:text-button hover:text-button cursor-pointer&quot;&gt; is not clickable at point (160,275) because another element &lt;div class=&quot;swal2-container swal2-center swal2-backdrop-hide&quot;&gt; obscures it&#10;Build info: version: '4.4.0', revision: 'e5c75ed026a'&#10;System info: host: 'MSI', ip: '192.168.1.5', os.name: 'Windows 10', os.arch: 'amd64', os.version: '10.0', java.version: '1.8.0_341'&#10;Driver info: org.openqa.selenium.firefox.FirefoxDriver&#10;Command: [1d00fb6a-8a4e-49db-bbe6-6311ec2989e9, clickElement {id=ee6c49ba-83dd-46f5-83bb-3339c1e70894}]&#10;Capabilities {acceptInsecureCerts: true, browserName: firefox, browserVersion: 105.0.3, moz:accessibilityChecks: false, moz:buildID: 20221007134813, moz:debuggerAddress: 127.0.0.1:49761, moz:geckodriverVersion: 0.32.0, moz:headless: false, moz:platformVersion: 10.0, moz:processID: 18304, moz:profile: C:\Users\isyah\AppData\Loca..., moz:shutdownTimeout: 60000, moz:useNonSpecCompliantPointerOrigin: false, moz:webdriverClick: true, moz:windowless: false, pageLoadStrategy: normal, platformName: WINDOWS, proxy: Proxy(), se:cdp: ws://127.0.0.1:49761/devtoo..., se:cdpVersion: 85.0, setWindowRect: true, strictFileInteractability: false, timeouts: {implicit: 0, pageLoad: 300000, script: 30000}, unhandledPromptBehavior: dismiss and notify}&#10;Element: [[FirefoxDriver: firefox on WINDOWS (1d00fb6a-8a4e-49db-bbe6-6311ec2989e9)] -&gt; id: nav-member]&#10;Session ID: 1d00fb6a-8a4e-49db-bbe6-6311ec2989e9&#10;Build info: version: '4.4.0', revision: 'e5c75ed026a'&#10;System info: host: 'MSI', ip: '192.168.1.5', os.name: 'Windows 10', os.arch: 'amd64', os.version: '10.0', java.version: '1.8.0_341'&#10;Driver info: driver.version: unknown" type="org.openqa.selenium.ElementClickInterceptedException">Element &lt;div id="nav-member" class="flex flex-row space-x-0 md:space-x-8 items-center active:text-button hover:text-button cursor-pointer"&gt; is not clickable at point (160,275) because another element &lt;div class="swal2-container swal2-center swal2-backdrop-hide"&gt; obscures it
Build info: version: '4.4.0', revision: 'e5c75ed026a'
System info: host: 'MSI', ip: '192.168.1.5', os.name: 'Windows 10', os.arch: 'amd64', os.version: '10.0', java.version: '1.8.0_341'
Driver info: org.openqa.selenium.firefox.FirefoxDriver
Command: [1d00fb6a-8a4e-49db-bbe6-6311ec2989e9, clickElement {id=ee6c49ba-83dd-46f5-83bb-3339c1e70894}]
Capabilities {acceptInsecureCerts: true, browserName: firefox, browserVersion: 105.0.3, moz:accessibilityChecks: false, moz:buildID: 20221007134813, moz:debuggerAddress: 127.0.0.1:49761, moz:geckodriverVersion: 0.32.0, moz:headless: false, moz:platformVersion: 10.0, moz:processID: 18304, moz:profile: C:\Users\isyah\AppData\Loca..., moz:shutdownTimeout: 60000, moz:useNonSpecCompliantPointerOrigin: false, moz:webdriverClick: true, moz:windowless: false, pageLoadStrategy: normal, platformName: WINDOWS, proxy: Proxy(), se:cdp: ws://127.0.0.1:49761/devtoo..., se:cdpVersion: 85.0, setWindowRect: true, strictFileInteractability: false, timeouts: {implicit: 0, pageLoad: 300000, script: 30000}, unhandledPromptBehavior: dismiss and notify}
Element: [[FirefoxDriver: firefox on WINDOWS (1d00fb6a-8a4e-49db-bbe6-6311ec2989e9)] -&gt; id: nav-member]
Session ID: 1d00fb6a-8a4e-49db-bbe6-6311ec2989e9
Build info: version: '4.4.0', revision: 'e5c75ed026a'
System info: host: 'MSI', ip: '192.168.1.5', os.name: 'Windows 10', os.arch: 'amd64', os.version: '10.0', java.version: '1.8.0_341'
Driver info: driver.version: unknown</error><system-err>Element &lt;div id="nav-member" class="flex flex-row space-x-0 md:space-x-8 items-center active:text-button hover:text-button cursor-pointer"&gt; is not clickable at point (160,275) because another element &lt;div class="swal2-container swal2-center swal2-backdrop-hide"&gt; obscures it
Build info: version: '4.4.0', revision: 'e5c75ed026a'
System info: host: 'MSI', ip: '192.168.1.5', os.name: 'Windows 10', os.arch: 'amd64', os.version: '10.0', java.version: '1.8.0_341'
Driver info: org.openqa.selenium.firefox.FirefoxDriver
Command: [1d00fb6a-8a4e-49db-bbe6-6311ec2989e9, clickElement {id=ee6c49ba-83dd-46f5-83bb-3339c1e70894}]
Capabilities {acceptInsecureCerts: true, browserName: firefox, browserVersion: 105.0.3, moz:accessibilityChecks: false, moz:buildID: 20221007134813, moz:debuggerAddress: 127.0.0.1:49761, moz:geckodriverVersion: 0.32.0, moz:headless: false, moz:platformVersion: 10.0, moz:processID: 18304, moz:profile: C:\Users\isyah\AppData\Loca..., moz:shutdownTimeout: 60000, moz:useNonSpecCompliantPointerOrigin: false, moz:webdriverClick: true, moz:windowless: false, pageLoadStrategy: normal, platformName: WINDOWS, proxy: Proxy(), se:cdp: ws://127.0.0.1:49761/devtoo..., se:cdpVersion: 85.0, setWindowRect: true, strictFileInteractability: false, timeouts: {implicit: 0, pageLoad: 300000, script: 30000}, unhandledPromptBehavior: dismiss and notify}
Element: [[FirefoxDriver: firefox on WINDOWS (1d00fb6a-8a4e-49db-bbe6-6311ec2989e9)] -&gt; id: nav-member]
Session ID: 1d00fb6a-8a4e-49db-bbe6-6311ec2989e9
Build info: version: '4.4.0', revision: 'e5c75ed026a'
System info: host: 'MSI', ip: '192.168.1.5', os.name: 'Windows 10', os.arch: 'amd64', os.version: '10.0', java.version: '1.8.0_341'
Driver info: driver.version: unknown&#13;
mentutor.Page.AdminHomePage.clickElement(AdminHomePage.java:75)&#13;
mentutor.Page.AdminHomePage.clickNavPage(AdminHomePage.java:104)&#13;
mentutor.StepDefs.AdminHome.AdminHomeStepDef.userClickNavOptionOnAdminPage(AdminHomeStepDef.java:18)&#13;
✽.User click nav option Member on Admin Page(file:///C:/Users/isyah/Desktop/CAPSTONE/Testing/QE-UI/src/test/resources/features/registerUser/registerNewUser.feature:10)&#13;
</system-err></testcase></testsuite>