<?xml version="1.0" encoding="UTF-8" standalone="no"?><testsuite errors="1" failures="2" name="Add Class by Admin" skipped="0" tests="12" time="282.54" timestamp="2022-11-13 05:38:15"><testcase name="Verify class field is enable"/><testcase name="Input Alphabet on Add Class Field"/><testcase name="Input Numeric on Add Class Field"/><testcase name="Input Special Character on Add Class Field"><error message="Element &lt;div id=&quot;nav-input&quot; class=&quot;flex flex-row space-x-0 md:space-x-8 items-center active:text-button hover:text-button cursor-pointer&quot;&gt; is not clickable at point (160,229) because another element &lt;div class=&quot;swal2-container swal2-center swal2-backdrop-hide&quot;&gt; obscures it&#10;Build info: version: '4.4.0', revision: 'e5c75ed026a'&#10;System info: host: 'MSI', ip: '192.168.1.5', os.name: 'Windows 10', os.arch: 'amd64', os.version: '10.0', java.version: '1.8.0_341'&#10;Driver info: org.openqa.selenium.firefox.FirefoxDriver&#10;Command: [bdbda77b-7101-4c43-975b-ecfebbd1ae39, clickElement {id=7b6de4e7-b7ef-4ae8-b581-ae27942a383a}]&#10;Capabilities {acceptInsecureCerts: true, browserName: firefox, browserVersion: 105.0.3, moz:accessibilityChecks: false, moz:buildID: 20221007134813, moz:debuggerAddress: 127.0.0.1:61195, moz:geckodriverVersion: 0.32.0, moz:headless: false, moz:platformVersion: 10.0, moz:processID: 3500, moz:profile: C:\Users\isyah\AppData\Loca..., moz:shutdownTimeout: 60000, moz:useNonSpecCompliantPointerOrigin: false, moz:webdriverClick: true, moz:windowless: false, pageLoadStrategy: normal, platformName: WINDOWS, proxy: Proxy(), se:cdp: ws://127.0.0.1:61195/devtoo..., se:cdpVersion: 85.0, setWindowRect: true, strictFileInteractability: false, timeouts: {implicit: 0, pageLoad: 300000, script: 30000}, unhandledPromptBehavior: dismiss and notify}&#10;Element: [[FirefoxDriver: firefox on WINDOWS (bdbda77b-7101-4c43-975b-ecfebbd1ae39)] -&gt; id: nav-input]&#10;Session ID: bdbda77b-7101-4c43-975b-ecfebbd1ae39&#10;Build info: version: '4.4.0', revision: 'e5c75ed026a'&#10;System info: host: 'MSI', ip: '192.168.1.5', os.name: 'Windows 10', os.arch: 'amd64', os.version: '10.0', java.version: '1.8.0_341'&#10;Driver info: driver.version: unknown" type="org.openqa.selenium.ElementClickInterceptedException">Element &lt;div id="nav-input" class="flex flex-row space-x-0 md:space-x-8 items-center active:text-button hover:text-button cursor-pointer"&gt; is not clickable at point (160,229) because another element &lt;div class="swal2-container swal2-center swal2-backdrop-hide"&gt; obscures it
Build info: version: '4.4.0', revision: 'e5c75ed026a'
System info: host: 'MSI', ip: '192.168.1.5', os.name: 'Windows 10', os.arch: 'amd64', os.version: '10.0', java.version: '1.8.0_341'
Driver info: org.openqa.selenium.firefox.FirefoxDriver
Command: [bdbda77b-7101-4c43-975b-ecfebbd1ae39, clickElement {id=7b6de4e7-b7ef-4ae8-b581-ae27942a383a}]
Capabilities {acceptInsecureCerts: true, browserName: firefox, browserVersion: 105.0.3, moz:accessibilityChecks: false, moz:buildID: 20221007134813, moz:debuggerAddress: 127.0.0.1:61195, moz:geckodriverVersion: 0.32.0, moz:headless: false, moz:platformVersion: 10.0, moz:processID: 3500, moz:profile: C:\Users\isyah\AppData\Loca..., moz:shutdownTimeout: 60000, moz:useNonSpecCompliantPointerOrigin: false, moz:webdriverClick: true, moz:windowless: false, pageLoadStrategy: normal, platformName: WINDOWS, proxy: Proxy(), se:cdp: ws://127.0.0.1:61195/devtoo..., se:cdpVersion: 85.0, setWindowRect: true, strictFileInteractability: false, timeouts: {implicit: 0, pageLoad: 300000, script: 30000}, unhandledPromptBehavior: dismiss and notify}
Element: [[FirefoxDriver: firefox on WINDOWS (bdbda77b-7101-4c43-975b-ecfebbd1ae39)] -&gt; id: nav-input]
Session ID: bdbda77b-7101-4c43-975b-ecfebbd1ae39
Build info: version: '4.4.0', revision: 'e5c75ed026a'
System info: host: 'MSI', ip: '192.168.1.5', os.name: 'Windows 10', os.arch: 'amd64', os.version: '10.0', java.version: '1.8.0_341'
Driver info: driver.version: unknown</error><system-err>Element &lt;div id="nav-input" class="flex flex-row space-x-0 md:space-x-8 items-center active:text-button hover:text-button cursor-pointer"&gt; is not clickable at point (160,229) because another element &lt;div class="swal2-container swal2-center swal2-backdrop-hide"&gt; obscures it
Build info: version: '4.4.0', revision: 'e5c75ed026a'
System info: host: 'MSI', ip: '192.168.1.5', os.name: 'Windows 10', os.arch: 'amd64', os.version: '10.0', java.version: '1.8.0_341'
Driver info: org.openqa.selenium.firefox.FirefoxDriver
Command: [bdbda77b-7101-4c43-975b-ecfebbd1ae39, clickElement {id=7b6de4e7-b7ef-4ae8-b581-ae27942a383a}]
Capabilities {acceptInsecureCerts: true, browserName: firefox, browserVersion: 105.0.3, moz:accessibilityChecks: false, moz:buildID: 20221007134813, moz:debuggerAddress: 127.0.0.1:61195, moz:geckodriverVersion: 0.32.0, moz:headless: false, moz:platformVersion: 10.0, moz:processID: 3500, moz:profile: C:\Users\isyah\AppData\Loca..., moz:shutdownTimeout: 60000, moz:useNonSpecCompliantPointerOrigin: false, moz:webdriverClick: true, moz:windowless: false, pageLoadStrategy: normal, platformName: WINDOWS, proxy: Proxy(), se:cdp: ws://127.0.0.1:61195/devtoo..., se:cdpVersion: 85.0, setWindowRect: true, strictFileInteractability: false, timeouts: {implicit: 0, pageLoad: 300000, script: 30000}, unhandledPromptBehavior: dismiss and notify}
Element: [[FirefoxDriver: firefox on WINDOWS (bdbda77b-7101-4c43-975b-ecfebbd1ae39)] -&gt; id: nav-input]
Session ID: bdbda77b-7101-4c43-975b-ecfebbd1ae39
Build info: version: '4.4.0', revision: 'e5c75ed026a'
System info: host: 'MSI', ip: '192.168.1.5', os.name: 'Windows 10', os.arch: 'amd64', os.version: '10.0', java.version: '1.8.0_341'
Driver info: driver.version: unknown&#13;
mentutor.Page.AdminHomePage.clickElement(AdminHomePage.java:75)&#13;
mentutor.StepDefs.ClassManagementPage.AddClassStepDefs.adminAlreadyOnAddClassPage(AddClassStepDefs.java:25)&#13;
✽.Admin already on add Class Page(file:///C:/Users/isyah/Desktop/CAPSTONE/Testing/QE-UI/src/test/resources/features/ClassManagementPage/addClassByAdmin.feature:10)&#13;
</system-err></testcase><testcase name="Input valid data with minimum character allowed on Add Class Field"><failure message="expected: &lt;&gt; but was: &lt;xxxx&gt;" type="org.opentest4j.AssertionFailedError">expected: &lt;&gt; but was: &lt;xxxx&gt;</failure><system-err>expected: &lt;&gt; but was: &lt;xxxx&gt;&#13;
mentutor.StepDefs.ClassManagementPage.AddClassStepDefs.dataShouldBeRejected(AddClassStepDefs.java:78)&#13;
✽.Data should be rejected(file:///C:/Users/isyah/Desktop/CAPSTONE/Testing/QE-UI/src/test/resources/features/ClassManagementPage/addClassByAdmin.feature:49)&#13;
</system-err></testcase><testcase name="Input valid data with maximum character allowed on Add Class Field"><failure message="expected: &lt;&gt; but was: &lt;aaaaaaaaaaaaaaaaaaaaaaaaaaaaaaaaaaaaaaaaa&gt;" type="org.opentest4j.AssertionFailedError">expected: &lt;&gt; but was: &lt;aaaaaaaaaaaaaaaaaaaaaaaaaaaaaaaaaaaaaaaaa&gt;</failure><system-err>expected: &lt;&gt; but was: &lt;aaaaaaaaaaaaaaaaaaaaaaaaaaaaaaaaaaaaaaaaa&gt;&#13;
mentutor.StepDefs.ClassManagementPage.AddClassStepDefs.dataShouldBeRejected(AddClassStepDefs.java:78)&#13;
✽.Data should be rejected(file:///C:/Users/isyah/Desktop/CAPSTONE/Testing/QE-UI/src/test/resources/features/ClassManagementPage/addClassByAdmin.feature:54)&#13;
</system-err></testcase></testsuite>