<?xml version="1.0" encoding="UTF-8" standalone="no"?><testsuite errors="0" failures="2" name="Login Page Performance" skipped="0" tests="5" time="0.1" timestamp="2022-11-13 03:09:12"><testcase name="Verify accessing webapp trough link"/><testcase name="Verify functionallity when multiple Browser instances open"/><testcase name="Verify critical element visibility when font resized"/><testcase name="Verify app handler when application is busy"><failure/></testcase><testcase name="Verify app behaviour when operation timeout"><failure/></testcase></testsuite>