<?xml version="1.0" encoding="UTF-8" standalone="no"?><testsuite errors="0" failures="4" name="Login Page Visual Testing" skipped="0" tests="17" time="0.49" timestamp="2022-11-13 03:09:12"><testcase name="Validate all text is visible with proper writing"/><testcase name="Validate error messages should be displayed properly and in the correct position"/><testcase name="Verify all error messages should be displayed in same CSS style"><failure/></testcase><testcase name="Verify general confirmation messages should be displayed using CSS style either than error message style"/><testcase name="Verify tooltips text should be meaningful"/><testcase name="Verify all placeholder is displayed properly and meaningful"/><testcase name="Verify password is masked when eye icon is not clicked"><failure/></testcase><testcase name="Verify password is masked when eye icon is clicked"><failure/></testcase><testcase name="Verify application crash handling method and should be redirected to error page"><failure/></testcase><testcase name="Verify all text on page for spelling and grammatical errors"/><testcase name="Verify all field on the page should be aligned properly"/><testcase name="Verify enough space should be provided between title, email field, password field and login button"/><testcase name="Verify font size, style, and color for headline, description text, labels, infield data, and grid info should be standard as specified in PRD"/><testcase name="Verify upon clicking on the input text field, the mouse arrow pointer should get changed to the cursor"/><testcase name="Check all pages for broken images"/><testcase name="Check all pages for broken links"/><testcase name="Verify Page text is justified correctly"/></testsuite>