<?xml version="1.0" encoding="UTF-8" standalone="no"?><testsuite errors="0" failures="1" name="Mentee Task Page Task Bar" skipped="0" tests="20" time="187.25" timestamp="2022-11-14 01:06:46"><testcase name="Verify Task Bar visibility when there is mentee due task"/><testcase name="Verify Task Bar visibility when there is no mentee due task"><failure/></testcase><testcase name="Verify Task Bar Title visibility"/><testcase name="Verify Task Title visibility"/><testcase name="Verify Task description visibility"/><testcase name="Verify Due Date visibility"/><testcase name="Verify Task file visibility"/><testcase name="Verify Task file redirect functionality"/><testcase name="Verify Score visibility when reviewed"/><testcase name="Verify Score visibility when not reviewed"/><testcase name="Verify Submit your task visibility"/><testcase name="Verify Submit your task functionality"/><testcase name="Verify user upload valid file format"/><testcase name="Verify user upload invalid file format"/><testcase name="Verify Task Bar Title font size"/><testcase name="Verify Task Title Font size and location"/><testcase name="Verify Task description Font size and location"/><testcase name="Verify Due date Font config and location"/><testcase name="Verify Task file location"/><testcase name="Verify Score location"/></testsuite>