<?xml version="1.0" encoding="UTF-8" standalone="no"?><testsuite errors="2" failures="0" name="Edit Class Functionality" skipped="0" tests="6" time="183.51" timestamp="2022-11-13 09:38:20"><testcase name="Verify update class status to non_active"/><testcase name="Verify update class status to active"/><testcase name="Verify X button is enable"><error message="Element &lt;div id=&quot;nav-input&quot; class=&quot;flex flex-row space-x-0 md:space-x-8 items-center active:text-button hover:text-button cursor-pointer&quot;&gt; is not clickable at point (160,229) because another element &lt;div class=&quot;swal2-container swal2-center swal2-backdrop-hide&quot;&gt; obscures it&#10;Build info: version: '4.4.0', revision: 'e5c75ed026a'&#10;System info: host: 'MSI', ip: '192.168.1.5', os.name: 'Windows 10', os.arch: 'amd64', os.version: '10.0', java.version: '1.8.0_341'&#10;Driver info: org.openqa.selenium.firefox.FirefoxDriver&#10;Command: [9b71d70a-417c-4137-8c40-8e54af86c8e6, clickElement {id=089e031d-0fef-48b6-b4a5-f2848c3039b6}]&#10;Capabilities {acceptInsecureCerts: true, browserName: firefox, browserVersion: 105.0.3, moz:accessibilityChecks: false, moz:buildID: 20221007134813, moz:debuggerAddress: 127.0.0.1:57569, moz:geckodriverVersion: 0.32.0, moz:headless: false, moz:platformVersion: 10.0, moz:processID: 9224, moz:profile: C:\Users\isyah\AppData\Loca..., moz:shutdownTimeout: 60000, moz:useNonSpecCompliantPointerOrigin: false, moz:webdriverClick: true, moz:windowless: false, pageLoadStrategy: normal, platformName: WINDOWS, proxy: Proxy(), se:cdp: ws://127.0.0.1:57569/devtoo..., se:cdpVersion: 85.0, setWindowRect: true, strictFileInteractability: false, timeouts: {implicit: 0, pageLoad: 300000, script: 30000}, unhandledPromptBehavior: dismiss and notify}&#10;Element: [[FirefoxDriver: firefox on WINDOWS (9b71d70a-417c-4137-8c40-8e54af86c8e6)] -&gt; id: nav-input]&#10;Session ID: 9b71d70a-417c-4137-8c40-8e54af86c8e6&#10;Build info: version: '4.4.0', revision: 'e5c75ed026a'&#10;System info: host: 'MSI', ip: '192.168.1.5', os.name: 'Windows 10', os.arch: 'amd64', os.version: '10.0', java.version: '1.8.0_341'&#10;Driver info: driver.version: unknown" type="org.openqa.selenium.ElementClickInterceptedException">Element &lt;div id="nav-input" class="flex flex-row space-x-0 md:space-x-8 items-center active:text-button hover:text-button cursor-pointer"&gt; is not clickable at point (160,229) because another element &lt;div class="swal2-container swal2-center swal2-backdrop-hide"&gt; obscures it
Build info: version: '4.4.0', revision: 'e5c75ed026a'
System info: host: 'MSI', ip: '192.168.1.5', os.name: 'Windows 10', os.arch: 'amd64', os.version: '10.0', java.version: '1.8.0_341'
Driver info: org.openqa.selenium.firefox.FirefoxDriver
Command: [9b71d70a-417c-4137-8c40-8e54af86c8e6, clickElement {id=089e031d-0fef-48b6-b4a5-f2848c3039b6}]
Capabilities {acceptInsecureCerts: true, browserName: firefox, browserVersion: 105.0.3, moz:accessibilityChecks: false, moz:buildID: 20221007134813, moz:debuggerAddress: 127.0.0.1:57569, moz:geckodriverVersion: 0.32.0, moz:headless: false, moz:platformVersion: 10.0, moz:processID: 9224, moz:profile: C:\Users\isyah\AppData\Loca..., moz:shutdownTimeout: 60000, moz:useNonSpecCompliantPointerOrigin: false, moz:webdriverClick: true, moz:windowless: false, pageLoadStrategy: normal, platformName: WINDOWS, proxy: Proxy(), se:cdp: ws://127.0.0.1:57569/devtoo..., se:cdpVersion: 85.0, setWindowRect: true, strictFileInteractability: false, timeouts: {implicit: 0, pageLoad: 300000, script: 30000}, unhandledPromptBehavior: dismiss and notify}
Element: [[FirefoxDriver: firefox on WINDOWS (9b71d70a-417c-4137-8c40-8e54af86c8e6)] -&gt; id: nav-input]
Session ID: 9b71d70a-417c-4137-8c40-8e54af86c8e6
Build info: version: '4.4.0', revision: 'e5c75ed026a'
System info: host: 'MSI', ip: '192.168.1.5', os.name: 'Windows 10', os.arch: 'amd64', os.version: '10.0', java.version: '1.8.0_341'
Driver info: driver.version: unknown</error><system-err>Element &lt;div id="nav-input" class="flex flex-row space-x-0 md:space-x-8 items-center active:text-button hover:text-button cursor-pointer"&gt; is not clickable at point (160,229) because another element &lt;div class="swal2-container swal2-center swal2-backdrop-hide"&gt; obscures it
Build info: version: '4.4.0', revision: 'e5c75ed026a'
System info: host: 'MSI', ip: '192.168.1.5', os.name: 'Windows 10', os.arch: 'amd64', os.version: '10.0', java.version: '1.8.0_341'
Driver info: org.openqa.selenium.firefox.FirefoxDriver
Command: [9b71d70a-417c-4137-8c40-8e54af86c8e6, clickElement {id=089e031d-0fef-48b6-b4a5-f2848c3039b6}]
Capabilities {acceptInsecureCerts: true, browserName: firefox, browserVersion: 105.0.3, moz:accessibilityChecks: false, moz:buildID: 20221007134813, moz:debuggerAddress: 127.0.0.1:57569, moz:geckodriverVersion: 0.32.0, moz:headless: false, moz:platformVersion: 10.0, moz:processID: 9224, moz:profile: C:\Users\isyah\AppData\Loca..., moz:shutdownTimeout: 60000, moz:useNonSpecCompliantPointerOrigin: false, moz:webdriverClick: true, moz:windowless: false, pageLoadStrategy: normal, platformName: WINDOWS, proxy: Proxy(), se:cdp: ws://127.0.0.1:57569/devtoo..., se:cdpVersion: 85.0, setWindowRect: true, strictFileInteractability: false, timeouts: {implicit: 0, pageLoad: 300000, script: 30000}, unhandledPromptBehavior: dismiss and notify}
Element: [[FirefoxDriver: firefox on WINDOWS (9b71d70a-417c-4137-8c40-8e54af86c8e6)] -&gt; id: nav-input]
Session ID: 9b71d70a-417c-4137-8c40-8e54af86c8e6
Build info: version: '4.4.0', revision: 'e5c75ed026a'
System info: host: 'MSI', ip: '192.168.1.5', os.name: 'Windows 10', os.arch: 'amd64', os.version: '10.0', java.version: '1.8.0_341'
Driver info: driver.version: unknown&#13;
mentutor.Page.AdminHomePage.clickElement(AdminHomePage.java:75)&#13;
mentutor.Page.AdminHomePage.clickNavPage(AdminHomePage.java:101)&#13;
mentutor.StepDefs.AdminHome.AdminHomeStepDef.userClickNavOptionOnAdminPage(AdminHomeStepDef.java:22)&#13;
✽.User click nav option Class on Admin Page(file:///C:/Users/isyah/Desktop/CAPSTONE/Testing/QE-UI/src/test/resources/features/ClassManagementPage/editClassFunctionality.feature:6)&#13;
</system-err></testcase><testcase name="Input Numeric on edit class field"><error message="Element &lt;div id=&quot;nav-input&quot; class=&quot;flex flex-row space-x-0 md:space-x-8 items-center active:text-button hover:text-button cursor-pointer&quot;&gt; is not clickable at point (160,229) because another element &lt;div class=&quot;swal2-container swal2-center swal2-backdrop-hide&quot;&gt; obscures it&#10;Build info: version: '4.4.0', revision: 'e5c75ed026a'&#10;System info: host: 'MSI', ip: '192.168.1.5', os.name: 'Windows 10', os.arch: 'amd64', os.version: '10.0', java.version: '1.8.0_341'&#10;Driver info: org.openqa.selenium.firefox.FirefoxDriver&#10;Command: [708615d1-c6a5-466e-9a4c-13de1173ac3d, clickElement {id=2de8a0b1-3625-448b-83e1-87749262dd59}]&#10;Capabilities {acceptInsecureCerts: true, browserName: firefox, browserVersion: 105.0.3, moz:accessibilityChecks: false, moz:buildID: 20221007134813, moz:debuggerAddress: 127.0.0.1:64625, moz:geckodriverVersion: 0.32.0, moz:headless: false, moz:platformVersion: 10.0, moz:processID: 20268, moz:profile: C:\Users\isyah\AppData\Loca..., moz:shutdownTimeout: 60000, moz:useNonSpecCompliantPointerOrigin: false, moz:webdriverClick: true, moz:windowless: false, pageLoadStrategy: normal, platformName: WINDOWS, proxy: Proxy(), se:cdp: ws://127.0.0.1:64625/devtoo..., se:cdpVersion: 85.0, setWindowRect: true, strictFileInteractability: false, timeouts: {implicit: 0, pageLoad: 300000, script: 30000}, unhandledPromptBehavior: dismiss and notify}&#10;Element: [[FirefoxDriver: firefox on WINDOWS (708615d1-c6a5-466e-9a4c-13de1173ac3d)] -&gt; id: nav-input]&#10;Session ID: 708615d1-c6a5-466e-9a4c-13de1173ac3d&#10;Build info: version: '4.4.0', revision: 'e5c75ed026a'&#10;System info: host: 'MSI', ip: '192.168.1.5', os.name: 'Windows 10', os.arch: 'amd64', os.version: '10.0', java.version: '1.8.0_341'&#10;Driver info: driver.version: unknown" type="org.openqa.selenium.ElementClickInterceptedException">Element &lt;div id="nav-input" class="flex flex-row space-x-0 md:space-x-8 items-center active:text-button hover:text-button cursor-pointer"&gt; is not clickable at point (160,229) because another element &lt;div class="swal2-container swal2-center swal2-backdrop-hide"&gt; obscures it
Build info: version: '4.4.0', revision: 'e5c75ed026a'
System info: host: 'MSI', ip: '192.168.1.5', os.name: 'Windows 10', os.arch: 'amd64', os.version: '10.0', java.version: '1.8.0_341'
Driver info: org.openqa.selenium.firefox.FirefoxDriver
Command: [708615d1-c6a5-466e-9a4c-13de1173ac3d, clickElement {id=2de8a0b1-3625-448b-83e1-87749262dd59}]
Capabilities {acceptInsecureCerts: true, browserName: firefox, browserVersion: 105.0.3, moz:accessibilityChecks: false, moz:buildID: 20221007134813, moz:debuggerAddress: 127.0.0.1:64625, moz:geckodriverVersion: 0.32.0, moz:headless: false, moz:platformVersion: 10.0, moz:processID: 20268, moz:profile: C:\Users\isyah\AppData\Loca..., moz:shutdownTimeout: 60000, moz:useNonSpecCompliantPointerOrigin: false, moz:webdriverClick: true, moz:windowless: false, pageLoadStrategy: normal, platformName: WINDOWS, proxy: Proxy(), se:cdp: ws://127.0.0.1:64625/devtoo..., se:cdpVersion: 85.0, setWindowRect: true, strictFileInteractability: false, timeouts: {implicit: 0, pageLoad: 300000, script: 30000}, unhandledPromptBehavior: dismiss and notify}
Element: [[FirefoxDriver: firefox on WINDOWS (708615d1-c6a5-466e-9a4c-13de1173ac3d)] -&gt; id: nav-input]
Session ID: 708615d1-c6a5-466e-9a4c-13de1173ac3d
Build info: version: '4.4.0', revision: 'e5c75ed026a'
System info: host: 'MSI', ip: '192.168.1.5', os.name: 'Windows 10', os.arch: 'amd64', os.version: '10.0', java.version: '1.8.0_341'
Driver info: driver.version: unknown</error><system-err>Element &lt;div id="nav-input" class="flex flex-row space-x-0 md:space-x-8 items-center active:text-button hover:text-button cursor-pointer"&gt; is not clickable at point (160,229) because another element &lt;div class="swal2-container swal2-center swal2-backdrop-hide"&gt; obscures it
Build info: version: '4.4.0', revision: 'e5c75ed026a'
System info: host: 'MSI', ip: '192.168.1.5', os.name: 'Windows 10', os.arch: 'amd64', os.version: '10.0', java.version: '1.8.0_341'
Driver info: org.openqa.selenium.firefox.FirefoxDriver
Command: [708615d1-c6a5-466e-9a4c-13de1173ac3d, clickElement {id=2de8a0b1-3625-448b-83e1-87749262dd59}]
Capabilities {acceptInsecureCerts: true, browserName: firefox, browserVersion: 105.0.3, moz:accessibilityChecks: false, moz:buildID: 20221007134813, moz:debuggerAddress: 127.0.0.1:64625, moz:geckodriverVersion: 0.32.0, moz:headless: false, moz:platformVersion: 10.0, moz:processID: 20268, moz:profile: C:\Users\isyah\AppData\Loca..., moz:shutdownTimeout: 60000, moz:useNonSpecCompliantPointerOrigin: false, moz:webdriverClick: true, moz:windowless: false, pageLoadStrategy: normal, platformName: WINDOWS, proxy: Proxy(), se:cdp: ws://127.0.0.1:64625/devtoo..., se:cdpVersion: 85.0, setWindowRect: true, strictFileInteractability: false, timeouts: {implicit: 0, pageLoad: 300000, script: 30000}, unhandledPromptBehavior: dismiss and notify}
Element: [[FirefoxDriver: firefox on WINDOWS (708615d1-c6a5-466e-9a4c-13de1173ac3d)] -&gt; id: nav-input]
Session ID: 708615d1-c6a5-466e-9a4c-13de1173ac3d
Build info: version: '4.4.0', revision: 'e5c75ed026a'
System info: host: 'MSI', ip: '192.168.1.5', os.name: 'Windows 10', os.arch: 'amd64', os.version: '10.0', java.version: '1.8.0_341'
Driver info: driver.version: unknown&#13;
mentutor.Page.AdminHomePage.clickElement(AdminHomePage.java:75)&#13;
mentutor.Page.AdminHomePage.clickNavPage(AdminHomePage.java:101)&#13;
mentutor.StepDefs.AdminHome.AdminHomeStepDef.userClickNavOptionOnAdminPage(AdminHomeStepDef.java:22)&#13;
✽.User click nav option Class on Admin Page(file:///C:/Users/isyah/Desktop/CAPSTONE/Testing/QE-UI/src/test/resources/features/ClassManagementPage/editClassFunctionality.feature:6)&#13;
</system-err></testcase><testcase name="Input Special Character on edit class field"/><testcase name="Input Alphabet on edit class field"/></testsuite>