<?xml version="1.0" encoding="UTF-8" standalone="no"?><testsuite errors="0" failures="0" name="X Button Functionality" skipped="0" tests="6" time="136.69" timestamp="2022-11-13 09:44:34"><testcase name="Input valid data on edit class field"/><testcase name="Input invalid data on edit class field"/><testcase name="Input valid data and choose active class"/><testcase name="Input valid data and choose inactive class"/><testcase name="Input invalid data and choose active class"/><testcase name="Input invalid data and choose inactive class"/></testsuite>