<?xml version="1.0" encoding="UTF-8" standalone="no"?><testsuite errors="1" failures="0" name="Modal of Edit Users by Admin" skipped="0" tests="3" time="35.11" timestamp="2022-11-13 05:20:23"><testcase name="Input alphabet on Name field"/><testcase name="Input numeric on Name field"/><testcase name="Verify Dropdown Content functionality"><error message="Element &lt;path&gt; is not clickable at point (1175,423) because another element &lt;div class=&quot;swal2-container swal2-center swal2-backdrop-hide&quot;&gt; obscures it&#10;Build info: version: '4.4.0', revision: 'e5c75ed026a'&#10;System info: host: 'MSI', ip: '192.168.1.5', os.name: 'Windows 10', os.arch: 'amd64', os.version: '10.0', java.version: '1.8.0_341'&#10;Driver info: org.openqa.selenium.firefox.FirefoxDriver&#10;Command: [74de5474-57d6-49ca-9f91-932685def577, clickElement {id=c6d81953-c31f-4bf9-b468-e5337562af48}]&#10;Capabilities {acceptInsecureCerts: true, browserName: firefox, browserVersion: 105.0.3, moz:accessibilityChecks: false, moz:buildID: 20221007134813, moz:debuggerAddress: 127.0.0.1:57668, moz:geckodriverVersion: 0.32.0, moz:headless: false, moz:platformVersion: 10.0, moz:processID: 9144, moz:profile: C:\Users\isyah\AppData\Loca..., moz:shutdownTimeout: 60000, moz:useNonSpecCompliantPointerOrigin: false, moz:webdriverClick: true, moz:windowless: false, pageLoadStrategy: normal, platformName: WINDOWS, proxy: Proxy(), se:cdp: ws://127.0.0.1:57668/devtoo..., se:cdpVersion: 85.0, setWindowRect: true, strictFileInteractability: false, timeouts: {implicit: 0, pageLoad: 300000, script: 30000}, unhandledPromptBehavior: dismiss and notify}&#10;Element: [[FirefoxDriver: firefox on WINDOWS (74de5474-57d6-49ca-9f91-932685def577)] -&gt; css selector: .flex:nth-child(5) path]&#10;Session ID: 74de5474-57d6-49ca-9f91-932685def577&#10;Build info: version: '4.4.0', revision: 'e5c75ed026a'&#10;System info: host: 'MSI', ip: '192.168.1.5', os.name: 'Windows 10', os.arch: 'amd64', os.version: '10.0', java.version: '1.8.0_341'&#10;Driver info: driver.version: unknown" type="org.openqa.selenium.ElementClickInterceptedException">Element &lt;path&gt; is not clickable at point (1175,423) because another element &lt;div class="swal2-container swal2-center swal2-backdrop-hide"&gt; obscures it
Build info: version: '4.4.0', revision: 'e5c75ed026a'
System info: host: 'MSI', ip: '192.168.1.5', os.name: 'Windows 10', os.arch: 'amd64', os.version: '10.0', java.version: '1.8.0_341'
Driver info: org.openqa.selenium.firefox.FirefoxDriver
Command: [74de5474-57d6-49ca-9f91-932685def577, clickElement {id=c6d81953-c31f-4bf9-b468-e5337562af48}]
Capabilities {acceptInsecureCerts: true, browserName: firefox, browserVersion: 105.0.3, moz:accessibilityChecks: false, moz:buildID: 20221007134813, moz:debuggerAddress: 127.0.0.1:57668, moz:geckodriverVersion: 0.32.0, moz:headless: false, moz:platformVersion: 10.0, moz:processID: 9144, moz:profile: C:\Users\isyah\AppData\Loca..., moz:shutdownTimeout: 60000, moz:useNonSpecCompliantPointerOrigin: false, moz:webdriverClick: true, moz:windowless: false, pageLoadStrategy: normal, platformName: WINDOWS, proxy: Proxy(), se:cdp: ws://127.0.0.1:57668/devtoo..., se:cdpVersion: 85.0, setWindowRect: true, strictFileInteractability: false, timeouts: {implicit: 0, pageLoad: 300000, script: 30000}, unhandledPromptBehavior: dismiss and notify}
Element: [[FirefoxDriver: firefox on WINDOWS (74de5474-57d6-49ca-9f91-932685def577)] -&gt; css selector: .flex:nth-child(5) path]
Session ID: 74de5474-57d6-49ca-9f91-932685def577
Build info: version: '4.4.0', revision: 'e5c75ed026a'
System info: host: 'MSI', ip: '192.168.1.5', os.name: 'Windows 10', os.arch: 'amd64', os.version: '10.0', java.version: '1.8.0_341'
Driver info: driver.version: unknown</error><system-err>Element &lt;path&gt; is not clickable at point (1175,423) because another element &lt;div class="swal2-container swal2-center swal2-backdrop-hide"&gt; obscures it
Build info: version: '4.4.0', revision: 'e5c75ed026a'
System info: host: 'MSI', ip: '192.168.1.5', os.name: 'Windows 10', os.arch: 'amd64', os.version: '10.0', java.version: '1.8.0_341'
Driver info: org.openqa.selenium.firefox.FirefoxDriver
Command: [74de5474-57d6-49ca-9f91-932685def577, clickElement {id=c6d81953-c31f-4bf9-b468-e5337562af48}]
Capabilities {acceptInsecureCerts: true, browserName: firefox, browserVersion: 105.0.3, moz:accessibilityChecks: false, moz:buildID: 20221007134813, moz:debuggerAddress: 127.0.0.1:57668, moz:geckodriverVersion: 0.32.0, moz:headless: false, moz:platformVersion: 10.0, moz:processID: 9144, moz:profile: C:\Users\isyah\AppData\Loca..., moz:shutdownTimeout: 60000, moz:useNonSpecCompliantPointerOrigin: false, moz:webdriverClick: true, moz:windowless: false, pageLoadStrategy: normal, platformName: WINDOWS, proxy: Proxy(), se:cdp: ws://127.0.0.1:57668/devtoo..., se:cdpVersion: 85.0, setWindowRect: true, strictFileInteractability: false, timeouts: {implicit: 0, pageLoad: 300000, script: 30000}, unhandledPromptBehavior: dismiss and notify}
Element: [[FirefoxDriver: firefox on WINDOWS (74de5474-57d6-49ca-9f91-932685def577)] -&gt; css selector: .flex:nth-child(5) path]
Session ID: 74de5474-57d6-49ca-9f91-932685def577
Build info: version: '4.4.0', revision: 'e5c75ed026a'
System info: host: 'MSI', ip: '192.168.1.5', os.name: 'Windows 10', os.arch: 'amd64', os.version: '10.0', java.version: '1.8.0_341'
Driver info: driver.version: unknown&#13;
mentutor.Interactions.UserInteractions.clickOnElement(UserInteractions.java:29)&#13;
mentutor.StepDefs.AdminHome.ListUserStepDef.userClickKebabButton(ListUserStepDef.java:56)&#13;
✽.User click Kebab Button(file:///C:/Users/isyah/Desktop/CAPSTONE/Testing/QE-UI/src/test/resources/features/adminHomePage/adminModalEditUser.feature:6)&#13;
</system-err></testcase></testsuite>