<?xml version="1.0" encoding="UTF-8" standalone="no"?><testsuite errors="0" failures="11" name="Submit Button Functionality" skipped="0" tests="15" time="139.91" timestamp="2022-11-13 09:28:06"><testcase name="Input valid data on edit class field and choose inactive class"/><testcase name="Input valid data on edit class field and choose active class"/><testcase name="Input valid data on edit class field and didn't choose status class"/><testcase name="Input &quot;&lt;valid data&gt;&quot; with minimum character allowed on edit class field and choose inactive class"><failure message="expected: &lt;cl&gt; but was: &lt;Valid Classname Edited&gt;" type="org.opentest4j.AssertionFailedError">expected: &lt;cl&gt; but was: &lt;Valid Classname Edited&gt;</failure><system-err>expected: &lt;cl&gt; but was: &lt;Valid Classname Edited&gt;&#13;
mentutor.StepDefs.ClassManagementPage.ClassManStepDefs.validClassnameClassIsCreated(ClassManStepDefs.java:110)&#13;
✽.cl Class is created(file:///C:/Users/isyah/Desktop/CAPSTONE/Testing/QE-UI/src/test/resources/features/ClassManagementPage/submitButtonFunctionality.feature:36)&#13;
</system-err></testcase><testcase name="Input &quot;&lt;valid data&gt;&quot; with minimum character allowed on edit class field and choose active class"><failure message="expected: &lt;cl&gt; but was: &lt;Valid Classname Edited&gt;" type="org.opentest4j.AssertionFailedError">expected: &lt;cl&gt; but was: &lt;Valid Classname Edited&gt;</failure><system-err>expected: &lt;cl&gt; but was: &lt;Valid Classname Edited&gt;&#13;
mentutor.StepDefs.ClassManagementPage.ClassManStepDefs.validClassnameClassIsCreated(ClassManStepDefs.java:110)&#13;
✽.cl Class is created(file:///C:/Users/isyah/Desktop/CAPSTONE/Testing/QE-UI/src/test/resources/features/ClassManagementPage/submitButtonFunctionality.feature:44)&#13;
</system-err></testcase><testcase name="Input &quot;&lt;valid data&gt;&quot; with minimum character allowed on edit class field and didn't choose status class"><failure message="expected: &lt;cl&gt; but was: &lt;Valid Classname Edited&gt;" type="org.opentest4j.AssertionFailedError">expected: &lt;cl&gt; but was: &lt;Valid Classname Edited&gt;</failure><system-err>expected: &lt;cl&gt; but was: &lt;Valid Classname Edited&gt;&#13;
mentutor.StepDefs.ClassManagementPage.ClassManStepDefs.validClassnameClassIsCreated(ClassManStepDefs.java:110)&#13;
✽.cl Class is created(file:///C:/Users/isyah/Desktop/CAPSTONE/Testing/QE-UI/src/test/resources/features/ClassManagementPage/submitButtonFunctionality.feature:51)&#13;
</system-err></testcase><testcase name="Input &quot;&lt;valid data&gt;&quot; with maximum character allowed on edit class field and choose inactive class"><failure message="expected: &lt;aaaaaaaaaaaaaaaaaaaaaaaaaaaaaaaaaaaaaaaaaaaaaaaaaaaaaaaaaaaaaaaaaaaaaaaaaaaaaaaaaaaaaaaaaaaaaaaaaaaaaaaaaaaaaaaaaaaaaaaaaaaaaaa&gt; but was: &lt;Valid Classname Edited&gt;" type="org.opentest4j.AssertionFailedError">expected: &lt;aaaaaaaaaaaaaaaaaaaaaaaaaaaaaaaaaaaaaaaaaaaaaaaaaaaaaaaaaaaaaaaaaaaaaaaaaaaaaaaaaaaaaaaaaaaaaaaaaaaaaaaaaaaaaaaaaaaaaaaaaaaaaaa&gt; but was: &lt;Valid Classname Edited&gt;</failure><system-err>expected: &lt;aaaaaaaaaaaaaaaaaaaaaaaaaaaaaaaaaaaaaaaaaaaaaaaaaaaaaaaaaaaaaaaaaaaaaaaaaaaaaaaaaaaaaaaaaaaaaaaaaaaaaaaaaaaaaaaaaaaaaaaaaaaaaaa&gt; but was: &lt;Valid Classname Edited&gt;&#13;
mentutor.StepDefs.ClassManagementPage.ClassManStepDefs.validClassnameClassIsCreated(ClassManStepDefs.java:110)&#13;
✽.aaaaaaaaaaaaaaaaaaaaaaaaaaaaaaaaaaaaaaaaaaaaaaaaaaaaaaaaaaaaaaaaaaaaaaaaaaaaaaaaaaaaaaaaaaaaaaaaaaaaaaaaaaaaaaaaaaaaaaaaaaaaaaa Class is created(file:///C:/Users/isyah/Desktop/CAPSTONE/Testing/QE-UI/src/test/resources/features/ClassManagementPage/submitButtonFunctionality.feature:59)&#13;
</system-err></testcase><testcase name="Input &quot;&lt;valid data&gt;&quot; with maximum character allowed on edit class field and choose active class"><failure message="expected: &lt;aaaaaaaaaaaaaaaaaaaaaaaaaaaaaaaaaaaaaaaaaaaaaaaaaaaaaaaaaaaaaaaaaaaaaaaaaaaaaaaaaaaaaaaaaaaaaaaaaaaaaaaaaaaaaaaaaaaaaaaaaaaaaaa&gt; but was: &lt;Valid Classname Edited&gt;" type="org.opentest4j.AssertionFailedError">expected: &lt;aaaaaaaaaaaaaaaaaaaaaaaaaaaaaaaaaaaaaaaaaaaaaaaaaaaaaaaaaaaaaaaaaaaaaaaaaaaaaaaaaaaaaaaaaaaaaaaaaaaaaaaaaaaaaaaaaaaaaaaaaaaaaaa&gt; but was: &lt;Valid Classname Edited&gt;</failure><system-err>expected: &lt;aaaaaaaaaaaaaaaaaaaaaaaaaaaaaaaaaaaaaaaaaaaaaaaaaaaaaaaaaaaaaaaaaaaaaaaaaaaaaaaaaaaaaaaaaaaaaaaaaaaaaaaaaaaaaaaaaaaaaaaaaaaaaaa&gt; but was: &lt;Valid Classname Edited&gt;&#13;
mentutor.StepDefs.ClassManagementPage.ClassManStepDefs.validClassnameClassIsCreated(ClassManStepDefs.java:110)&#13;
✽.aaaaaaaaaaaaaaaaaaaaaaaaaaaaaaaaaaaaaaaaaaaaaaaaaaaaaaaaaaaaaaaaaaaaaaaaaaaaaaaaaaaaaaaaaaaaaaaaaaaaaaaaaaaaaaaaaaaaaaaaaaaaaaa Class is created(file:///C:/Users/isyah/Desktop/CAPSTONE/Testing/QE-UI/src/test/resources/features/ClassManagementPage/submitButtonFunctionality.feature:67)&#13;
</system-err></testcase><testcase name="Input invalid data on edit class field and choose inactive class"><failure message="expected: &lt;true&gt; but was: &lt;false&gt;" type="org.opentest4j.AssertionFailedError">expected: &lt;true&gt; but was: &lt;false&gt;</failure><system-err>expected: &lt;true&gt; but was: &lt;false&gt;&#13;
mentutor.Interactions.UserInteractions.isMessageDisplayed(UserInteractions.java:154)&#13;
mentutor.StepDefs.Login.LoginStepDefs.messageAppeared(LoginStepDefs.java:68)&#13;
✽.Message Update Failed, Invalid Class Name appeared(file:///C:/Users/isyah/Desktop/CAPSTONE/Testing/QE-UI/src/test/resources/features/ClassManagementPage/submitButtonFunctionality.feature:83)&#13;
</system-err></testcase><testcase name="Input invalid data on edit class field and choose active class"><failure message="expected: &lt;true&gt; but was: &lt;false&gt;" type="org.opentest4j.AssertionFailedError">expected: &lt;true&gt; but was: &lt;false&gt;</failure><system-err>expected: &lt;true&gt; but was: &lt;false&gt;&#13;
mentutor.Interactions.UserInteractions.isMessageDisplayed(UserInteractions.java:154)&#13;
mentutor.StepDefs.Login.LoginStepDefs.messageAppeared(LoginStepDefs.java:68)&#13;
✽.Message Update Failed, Invalid Class Name appeared(file:///C:/Users/isyah/Desktop/CAPSTONE/Testing/QE-UI/src/test/resources/features/ClassManagementPage/submitButtonFunctionality.feature:91)&#13;
</system-err></testcase><testcase name="Input invalid data on edit class field and didn't choose status class"><failure message="expected: &lt;true&gt; but was: &lt;false&gt;" type="org.opentest4j.AssertionFailedError">expected: &lt;true&gt; but was: &lt;false&gt;</failure><system-err>expected: &lt;true&gt; but was: &lt;false&gt;&#13;
mentutor.Interactions.UserInteractions.isMessageDisplayed(UserInteractions.java:154)&#13;
mentutor.StepDefs.Login.LoginStepDefs.messageAppeared(LoginStepDefs.java:68)&#13;
✽.Message Update Failed, Invalid Class Name appeared(file:///C:/Users/isyah/Desktop/CAPSTONE/Testing/QE-UI/src/test/resources/features/ClassManagementPage/submitButtonFunctionality.feature:98)&#13;
</system-err></testcase><testcase name="Input empty data on edit class field and choose inactive class"><failure message="expected: &lt;true&gt; but was: &lt;false&gt;" type="org.opentest4j.AssertionFailedError">expected: &lt;true&gt; but was: &lt;false&gt;</failure><system-err>expected: &lt;true&gt; but was: &lt;false&gt;&#13;
mentutor.Interactions.UserInteractions.isMessageDisplayed(UserInteractions.java:154)&#13;
mentutor.StepDefs.Login.LoginStepDefs.messageAppeared(LoginStepDefs.java:68)&#13;
✽.Message Update Failed, Invalid Class Name appeared(file:///C:/Users/isyah/Desktop/CAPSTONE/Testing/QE-UI/src/test/resources/features/ClassManagementPage/submitButtonFunctionality.feature:106)&#13;
</system-err></testcase><testcase name="Input empty data on edit class field and choose active class"><failure message="expected: &lt;true&gt; but was: &lt;false&gt;" type="org.opentest4j.AssertionFailedError">expected: &lt;true&gt; but was: &lt;false&gt;</failure><system-err>expected: &lt;true&gt; but was: &lt;false&gt;&#13;
mentutor.Interactions.UserInteractions.isMessageDisplayed(UserInteractions.java:154)&#13;
mentutor.StepDefs.Login.LoginStepDefs.messageAppeared(LoginStepDefs.java:68)&#13;
✽.Message Update Failed, Invalid Class Name appeared(file:///C:/Users/isyah/Desktop/CAPSTONE/Testing/QE-UI/src/test/resources/features/ClassManagementPage/submitButtonFunctionality.feature:114)&#13;
</system-err></testcase><testcase name="Input empty data on edit class field and didn't choose active class"><failure message="expected: &lt;true&gt; but was: &lt;false&gt;" type="org.opentest4j.AssertionFailedError">expected: &lt;true&gt; but was: &lt;false&gt;</failure><system-err>expected: &lt;true&gt; but was: &lt;false&gt;&#13;
mentutor.Interactions.UserInteractions.isMessageDisplayed(UserInteractions.java:154)&#13;
mentutor.StepDefs.Login.LoginStepDefs.messageAppeared(LoginStepDefs.java:68)&#13;
✽.Message Update Failed, Invalid Class Name appeared(file:///C:/Users/isyah/Desktop/CAPSTONE/Testing/QE-UI/src/test/resources/features/ClassManagementPage/submitButtonFunctionality.feature:121)&#13;
</system-err></testcase><testcase name="Input &quot;&lt;valid data&gt;&quot; with valid character allowed on edit class field and choose active class"/></testsuite>