<?xml version="1.0" encoding="UTF-8" standalone="no"?><testsuite errors="0" failures="0" name="Login Page Element and Interaction" skipped="0" tests="9" time="310.95" timestamp="2022-11-10 09:54:35"><testcase name="Verify all element visible with automated element inspector"/><testcase name="Verify all element visibility after reloading with automated element inspector"/><testcase name="Verify email and password field is interactable"/><testcase name="Verify login button and contact admin link is interactable"/><testcase name="Verify navigation trough field using TAB and SHIFT+TAB"/><testcase name="Verify submit registration with ENTER"/><testcase name="Verify expired message when press BACK button"/></testsuite>