<?xml version="1.0" encoding="UTF-8" standalone="no"?><testsuite errors="0" failures="1" name="Mentee Home Page Task Bar" skipped="0" tests="13" time="133.04" timestamp="2022-11-13 11:54:16"><testcase name="Verify Task Bar visibility when there is mentee due task"/><testcase name="Verify Task Bar visibility when there is no mentee due task"><failure/></testcase><testcase name="Verify Task Bar Title visibility"/><testcase name="Verify Task file redirect functionality"/><testcase name="Verify Score visibility when reviewed"/><testcase name="Verify Score visibility when not reviewed"/><testcase name="Verify Scroll bar visibility"/><testcase name="Verify Task Bar Title font size"/><testcase name="Verify Task Title Font size and location"/><testcase name="Verify Task description Font size and location"/><testcase name="Verify Due date Font config and location"/><testcase name="Verify Task file location"/><testcase name="Verify Score location"/></testsuite>